TN:
SF:src\index.ts
FN:15,(anonymous_1)
FN:23,(anonymous_2)
FN:26,(anonymous_3)
FN:29,(anonymous_4)
FNF:4
FNH:1
FNDA:2,(anonymous_1)
FNDA:0,(anonymous_2)
FNDA:0,(anonymous_3)
FNDA:0,(anonymous_4)
DA:1,4
DA:2,4
DA:3,4
DA:4,4
DA:6,4
DA:8,4
DA:13,4
DA:15,4
DA:16,2
DA:19,4
DA:22,4
DA:23,0
DA:24,0
DA:25,0
DA:26,0
DA:27,0
DA:30,0
DA:34,4
LF:18
LH:12
BRDA:22,0,0,0
BRDA:25,1,0,0
BRDA:25,1,1,0
BRF:3
BRH:0
end_of_record
TN:
SF:src\sequelize.ts
FNF:0
FNH:0
DA:1,4
DA:3,4
LF:2
LH:2
BRF:0
BRH:0
end_of_record
TN:
SF:src\controllers\task.controller.ts
FN:5,(anonymous_16)
FN:5,(anonymous_17)
FN:20,(anonymous_18)
FN:20,(anonymous_19)
FN:30,(anonymous_20)
FN:30,(anonymous_21)
FN:41,(anonymous_22)
FN:41,(anonymous_23)
FNF:8
FNH:8
FNDA:2,(anonymous_16)
FNDA:2,(anonymous_17)
FNDA:2,(anonymous_18)
FNDA:2,(anonymous_19)
FNDA:2,(anonymous_20)
FNDA:2,(anonymous_21)
FNDA:1,(anonymous_22)
FNDA:1,(anonymous_23)
DA:3,5
DA:5,5
DA:6,2
DA:7,2
DA:8,2
DA:9,1
DA:12,1
DA:13,1
DA:15,0
DA:16,0
DA:20,5
DA:21,2
DA:22,2
DA:23,2
DA:25,0
DA:26,0
DA:30,5
DA:31,2
DA:32,2
DA:33,2
DA:34,1
DA:36,1
DA:37,1
DA:41,5
DA:42,1
DA:43,1
DA:44,1
DA:45,1
DA:47,0
DA:48,0
LF:30
LH:24
BRDA:8,0,0,1
BRDA:8,1,0,2
BRDA:8,1,1,1
BRDA:37,2,0,0
BRDA:37,2,1,1
BRDA:48,3,0,0
BRDA:48,3,1,0
BRF:7
BRH:4
end_of_record
TN:
SF:src\models\task.model.ts
FNF:0
FNH:0
DA:1,4
DA:2,4
DA:15,4
DA:21,4
LF:4
LH:4
BRF:0
BRH:0
end_of_record
TN:
SF:src\routes\task.routes.ts
FNF:0
FNH:0
DA:1,5
DA:2,5
DA:9,5
DA:12,5
DA:13,5
DA:14,5
DA:15,5
DA:17,5
LF:8
LH:8
BRF:0
BRH:0
end_of_record
TN:
SF:src\services\task.service.ts
FN:4,(anonymous_7)
FN:4,(anonymous_8)
FN:8,(anonymous_9)
FN:8,(anonymous_10)
FN:15,(anonymous_11)
FN:15,(anonymous_12)
FN:21,(anonymous_13)
FN:21,(anonymous_14)
FN:27,isTaskCompleted
FNF:9
FNH:9
FNDA:1,(anonymous_7)
FNDA:1,(anonymous_8)
FNDA:1,(anonymous_9)
FNDA:1,(anonymous_10)
FNDA:4,(anonymous_11)
FNDA:4,(anonymous_12)
FNDA:2,(anonymous_13)
FNDA:2,(anonymous_14)
FNDA:2,isTaskCompleted
DA:2,5
DA:4,5
DA:5,1
DA:8,5
DA:10,1
DA:11,1
DA:12,1
DA:15,5
DA:16,4
DA:17,2
DA:18,1
DA:21,5
DA:22,2
DA:23,2
DA:24,1
DA:27,5
DA:28,2
LF:17
LH:17
BRDA:17,0,0,1
BRDA:23,1,0,1
BRF:2
BRH:2
end_of_record
