TN:
SF:src\sequelize.ts
FNF:0
FNH:0
DA:1,1
DA:3,1
LF:2
LH:2
BRF:0
BRH:0
end_of_record
TN:
SF:src\controllers\task.controller.ts
FN:5,(anonymous_7)
FN:5,(anonymous_8)
FN:21,(anonymous_9)
FN:21,(anonymous_10)
FN:32,(anonymous_11)
FN:32,(anonymous_12)
FN:52,(anonymous_13)
FN:52,(anonymous_14)
FN:66,(anonymous_15)
FNF:9
FNH:1
FNDA:0,(anonymous_7)
FNDA:0,(anonymous_8)
FNDA:0,(anonymous_9)
FNDA:0,(anonymous_10)
FNDA:0,(anonymous_11)
FNDA:0,(anonymous_12)
FNDA:0,(anonymous_13)
FNDA:0,(anonymous_14)
FNDA:1,(anonymous_15)
DA:2,1
DA:5,1
DA:6,0
DA:7,0
DA:8,0
DA:9,0
DA:12,0
DA:13,0
DA:15,0
DA:16,0
DA:21,1
DA:22,0
DA:23,0
DA:24,0
DA:26,0
DA:27,0
DA:32,1
DA:33,0
DA:34,0
DA:35,0
DA:37,0
DA:38,0
DA:40,0
DA:41,0
DA:43,0
DA:44,0
DA:46,0
DA:47,0
DA:52,1
DA:53,0
DA:54,0
DA:56,0
DA:57,0
DA:59,0
DA:60,0
DA:62,0
DA:63,0
DA:66,1
DA:67,1
LF:39
LH:7
BRDA:8,0,0,0
BRDA:8,1,0,0
BRDA:8,1,1,0
BRDA:38,2,0,0
BRDA:40,3,0,0
BRDA:41,4,0,0
BRDA:57,5,0,0
BRF:7
BRH:0
end_of_record
TN:
SF:src\models\task.model.ts
FNF:0
FNH:0
DA:1,1
DA:2,1
DA:15,1
DA:21,1
LF:4
LH:4
BRF:0
BRH:0
end_of_record
